<?xml version="1.0" encoding="UTF-8"?>
<!-- Generated by org.testng.reporters.JUnitReportReporter -->
<testsuite skipped="0" hostname="PablitoPC.local" name="IntegrationTests.IntegrationExample" tests="1" failures="0" timestamp="2020-08-19T17:21:02 ART" time="58.790" errors="0">
  <testcase name="test_integration" time="58.790" classname="IntegrationTests.IntegrationExample"/>
</testsuite> <!-- IntegrationTests.IntegrationExample -->
