<?xml version="1.0" encoding="UTF-8"?>
<!-- Generated by org.testng.reporters.JUnitReportReporter -->
<testsuite skipped="0" hostname="PablitoPC.local" name="IntegrationTests.IntegrationExample" tests="1" failures="0" timestamp="2019-09-19T16:17:49 ART" time="12.644" errors="0">
  <testcase name="test_integration" time="12.644" classname="IntegrationTests.IntegrationExample"/>
</testsuite> <!-- IntegrationTests.IntegrationExample -->
