<?xml version="1.0" encoding="UTF-8"?>
<!-- Generated by org.testng.reporters.JUnitReportReporter -->
<testsuite skipped="0" hostname="PablitoPC.local" name="APITests.ExampleAPITest" tests="1" failures="0" timestamp="2019-09-09T14:46:54 ART" time="2.910" errors="0">
  <testcase name="testAPIExample" time="2.910" classname="APITests.ExampleAPITest"/>
</testsuite> <!-- APITests.ExampleAPITest -->
